#
# There is insufficient memory for the Java Runtime Environment to continue.
# Native memory allocation (malloc) failed to allocate 679856 bytes for Chunk::new
# Possible reasons:
#   The system is out of physical RAM or swap space
#   In 32 bit mode, the process size limit was hit
# Possible solutions:
#   Reduce memory load on the system
#   Increase physical memory or swap space
#   Check if swap backing store is full
#   Use 64 bit Java on a 64 bit OS
#   Decrease Java heap size (-Xmx/-Xms)
#   Decrease number of Java threads
#   Decrease Java thread stack sizes (-Xss)
#   Set larger code cache with -XX:ReservedCodeCacheSize=
# This output file may be truncated or incomplete.
#
#  Out of Memory Error (allocation.cpp:390), pid=4104, tid=0x0000000000004220
#
# JRE version: OpenJDK Runtime Environment (8.0_152-b01) (build 1.8.0_152-release-915-b01)
# Java VM: OpenJDK 64-Bit Server VM (25.152-b01 mixed mode windows-amd64 compressed oops)
# Failed to write core dump. Minidumps are not enabled by default on client versions of Windows
#

---------------  T H R E A D  ---------------

Current thread (0x00000000187bc000):  JavaThread "C2 CompilerThread1" daemon [_thread_in_native, id=16928, stack(0x000000001a210000,0x000000001a310000)]

Stack: [0x000000001a210000,0x000000001a310000]
[error occurred during error reporting (printing stack bounds), id 0xc0000005]

Native frames: (J=compiled Java code, j=interpreted, Vv=VM code, C=native code)


Current CompileTask:
C2:   6154 3943       4       org.objectweb.asm.Frame::execute (2252 bytes)


---------------  P R O C E S S  ---------------

Java Threads: ( => current thread )
  0x000000001adf2800 JavaThread "Memory manager" [_thread_blocked, id=6380, stack(0x0000000023630000,0x0000000023730000)]
  0x000000001b79b000 JavaThread "build operations Thread 4" [_thread_blocked, id=15560, stack(0x0000000023430000,0x0000000023530000)]
  0x000000001b79a800 JavaThread "build operations Thread 3" [_thread_blocked, id=14028, stack(0x0000000023330000,0x0000000023430000)]
  0x000000001b799800 JavaThread "build operations Thread 2" [_thread_blocked, id=12732, stack(0x0000000023230000,0x0000000023330000)]
  0x000000001b798000 JavaThread "build operations" [_thread_blocked, id=12688, stack(0x0000000023130000,0x0000000023230000)]
  0x000000001b79c800 JavaThread "Cache worker for Artifact transforms cache (C:\Users\lizhao\.gradle\caches\transforms-1)" [_thread_blocked, id=7056, stack(0x0000000022820000,0x0000000022920000)]
  0x000000001bc23800 JavaThread "Cache worker for file hash cache (C:\Users\lizhao\Desktop\archaeological-survey-location-collector\.gradle\4.4\fileHashes)" [_thread_blocked, id=15032, stack(0x000000001e140000,0x000000001e240000)]
  0x000000001b9be000 JavaThread "File lock request listener" [_thread_in_native, id=16668, stack(0x000000001d070000,0x000000001d170000)]
  0x000000001b4aa800 JavaThread "Cache worker for file hash cache (C:\Users\lizhao\.gradle\caches\4.4\fileHashes)" [_thread_blocked, id=13528, stack(0x000000001cf70000,0x000000001d070000)]
  0x000000001b4a9800 JavaThread "Stdin handler" [_thread_blocked, id=10996, stack(0x000000001cc70000,0x000000001cd70000)]
  0x000000001b4a8800 JavaThread "Asynchronous log dispatcher for DefaultDaemonConnection: socket connection from /127.0.0.1:6202 to /127.0.0.1:6203" [_thread_blocked, id=15132, stack(0x000000001cb70000,0x000000001cc70000)]
  0x000000001b87e800 JavaThread "Daemon worker" [_thread_in_Java, id=16428, stack(0x000000001ca70000,0x000000001cb70000)]
  0x000000001b88a000 JavaThread "Cancel handler" [_thread_blocked, id=7780, stack(0x000000001c970000,0x000000001ca70000)]
  0x000000001b495000 JavaThread "Handler for socket connection from /127.0.0.1:6202 to /127.0.0.1:6203" [_thread_in_native, id=9260, stack(0x000000001c670000,0x000000001c770000)]
  0x000000001b48d000 JavaThread "Daemon" [_thread_blocked, id=17212, stack(0x000000001c570000,0x000000001c670000)]
  0x000000001b585000 JavaThread "Daemon periodic checks" [_thread_blocked, id=15796, stack(0x000000001c470000,0x000000001c570000)]
  0x000000001b573000 JavaThread "Incoming local TCP Connector on port 6202" [_thread_in_native, id=17320, stack(0x000000001bfe0000,0x000000001c0e0000)]
  0x0000000019b99000 JavaThread "Service Thread" daemon [_thread_blocked, id=9592, stack(0x000000001a410000,0x000000001a510000)]
  0x0000000019b1b800 JavaThread "C1 CompilerThread2" daemon [_thread_in_native, id=13856, stack(0x000000001a310000,0x000000001a410000)]
=>0x00000000187bc000 JavaThread "C2 CompilerThread1" daemon [_thread_in_native, id=16928, stack(0x000000001a210000,0x000000001a310000)]
  0x00000000187ba000 JavaThread "C2 CompilerThread0" daemon [_thread_in_native, id=16688, stack(0x000000001a110000,0x000000001a210000)]
  0x0000000019b18800 JavaThread "Attach Listener" daemon [_thread_blocked, id=11932, stack(0x000000001a010000,0x000000001a110000)]
  0x000000001876f000 JavaThread "Signal Dispatcher" daemon [_thread_blocked, id=2184, stack(0x0000000019f10000,0x000000001a010000)]
  0x0000000004ded000 JavaThread "Finalizer" daemon [_thread_blocked, id=15968, stack(0x00000000199b0000,0x0000000019ab0000)]
  0x0000000004de1800 JavaThread "Reference Handler" daemon [_thread_blocked, id=7292, stack(0x00000000198b0000,0x00000000199b0000)]
  0x0000000004cee000 JavaThread "main" [_thread_blocked, id=9696, stack(0x0000000004ba0000,0x0000000004ca0000)]

Other Threads:
  0x0000000018725800 VMThread [stack: 0x00000000197b0000,0x00000000198b0000] [id=11220]
  0x0000000019b9a000 WatcherThread [stack: 0x000000001a510000,0x000000001a610000] [id=2516]

VM state:not at safepoint (normal execution)

VM Mutex/Monitor currently owned by a thread:  ([mutex/lock_event])
[0x0000000004cf1b50] MethodData_lock - owner thread: 0x0000000000000000

Heap:
 PSYoungGen      total 152576K, used 31125K [0x00000000e0000000, 0x00000000ed580000, 0x0000000100000000)
  eden space 141312K, 22% used [0x00000000e0000000,0x00000000e1e65568,0x00000000e8a00000)
  from space 11264K, 0% used [0x00000000e9600000,0x00000000e9600000,0x00000000ea100000)
  to   space 12288K, 0% used [0x00000000e8a00000,0x00000000e8a00000,0x00000000e9600000)
 ParOldGen       total 62976K, used 17088K [0x00000000a0000000, 0x00000000a3d80000, 0x00000000e0000000)
  object space 62976K, 27% used [0x00000000a0000000,0x00000000a10b00d0,0x00000000a3d80000)
 Metaspace       used 38940K, capacity 39856K, committed 40192K, reserved 1083392K
  class space    used 5291K, capacity 5629K, committed 5632K, reserved 1048576K

Card table byte_map: [0x00000000141b0000,0x00000000144c0000] byte_map_base: 0x0000000013cb0000

Marking Bits: (ParMarkBitMap*) 0x000000005dd93950
 Begin Bits: [0x0000000014ac0000, 0x00000000162c0000)
 End Bits:   [0x00000000162c0000, 0x0000000017ac0000)

Polling page: 0x00000000007f0000

CodeCache: size=245760Kb used=14113Kb max_used=14130Kb free=231646Kb
 bounds [0x0000000004df0000, 0x0000000005bd0000, 0x0000000013df0000]
 total_blobs=4518 nmethods=3805 adapters=626
 compilation: enabled

Compilation events (10 events):
Event: 6.150 Thread 0x0000000019b1b800 nmethod 4019 0x00000000050ab250 code [0x00000000050ab420, 0x00000000050abc48]
Event: 6.150 Thread 0x0000000019b1b800 4020       3       org.gradle.internal.reflect.Methods$1::doHash (25 bytes)
Event: 6.150 Thread 0x0000000019b1b800 nmethod 4020 0x00000000050aa7d0 code [0x00000000050aa980, 0x00000000050aafe8]
Event: 6.150 Thread 0x0000000019b1b800 4021       3       com.google.common.collect.ImmutableCollection$ArrayBasedBuilder::<init> (25 bytes)
Event: 6.151 Thread 0x0000000019b1b800 nmethod 4021 0x00000000050aa210 code [0x00000000050aa380, 0x00000000050aa688]
Event: 6.152 Thread 0x0000000019b1b800 4022       3       java.lang.reflect.Executable::separateWithCommas (41 bytes)
Event: 6.152 Thread 0x0000000019b1b800 nmethod 4022 0x00000000050a98d0 code [0x00000000050a9a80, 0x00000000050a9fe8]
Event: 6.152 Thread 0x0000000019b1b800 4023       3       java.lang.reflect.Method::toString (20 bytes)
Event: 6.152 Thread 0x0000000019b1b800 nmethod 4023 0x00000000050a9010 code [0x00000000050a91a0, 0x00000000050a9778]
Event: 6.152 Thread 0x0000000019b1b800 4024   !   3       java.lang.reflect.Executable::sharedToString (102 bytes)

GC Heap History (10 events):
Event: 3.117 GC heap before
{Heap before GC invocations=6 (full 1):
 PSYoungGen      total 70656K, used 5096K [0x00000000e0000000, 0x00000000e9400000, 0x0000000100000000)
  eden space 65536K, 0% used [0x00000000e0000000,0x00000000e0000000,0x00000000e4000000)
  from space 5120K, 99% used [0x00000000e4000000,0x00000000e44fa050,0x00000000e4500000)
  to   space 10240K, 0% used [0x00000000e8a00000,0x00000000e8a00000,0x00000000e9400000)
 ParOldGen       total 86016K, used 8991K [0x00000000a0000000, 0x00000000a5400000, 0x00000000e0000000)
  object space 86016K, 10% used [0x00000000a0000000,0x00000000a08c7e10,0x00000000a5400000)
 Metaspace       used 20812K, capacity 21194K, committed 21248K, reserved 1067008K
  class space    used 2899K, capacity 3040K, committed 3072K, reserved 1048576K
Event: 3.172 GC heap after
Heap after GC invocations=6 (full 1):
 PSYoungGen      total 70656K, used 0K [0x00000000e0000000, 0x00000000e9400000, 0x0000000100000000)
  eden space 65536K, 0% used [0x00000000e0000000,0x00000000e0000000,0x00000000e4000000)
  from space 5120K, 0% used [0x00000000e4000000,0x00000000e4000000,0x00000000e4500000)
  to   space 10240K, 0% used [0x00000000e8a00000,0x00000000e8a00000,0x00000000e9400000)
 ParOldGen       total 62976K, used 8543K [0x00000000a0000000, 0x00000000a3d80000, 0x00000000e0000000)
  object space 62976K, 13% used [0x00000000a0000000,0x00000000a0857e30,0x00000000a3d80000)
 Metaspace       used 20812K, capacity 21194K, committed 21248K, reserved 1067008K
  class space    used 2899K, capacity 3040K, committed 3072K, reserved 1048576K
}
Event: 3.831 GC heap before
{Heap before GC invocations=7 (full 1):
 PSYoungGen      total 70656K, used 65536K [0x00000000e0000000, 0x00000000e9400000, 0x0000000100000000)
  eden space 65536K, 100% used [0x00000000e0000000,0x00000000e4000000,0x00000000e4000000)
  from space 5120K, 0% used [0x00000000e4000000,0x00000000e4000000,0x00000000e4500000)
  to   space 10240K, 0% used [0x00000000e8a00000,0x00000000e8a00000,0x00000000e9400000)
 ParOldGen       total 62976K, used 8543K [0x00000000a0000000, 0x00000000a3d80000, 0x00000000e0000000)
  object space 62976K, 13% used [0x00000000a0000000,0x00000000a0857e30,0x00000000a3d80000)
 Metaspace       used 26097K, capacity 26546K, committed 26624K, reserved 1073152K
  class space    used 3640K, capacity 3812K, committed 3840K, reserved 1048576K
Event: 3.840 GC heap after
Heap after GC invocations=7 (full 1):
 PSYoungGen      total 103936K, used 6926K [0x00000000e0000000, 0x00000000e9100000, 0x0000000100000000)
  eden space 96768K, 0% used [0x00000000e0000000,0x00000000e0000000,0x00000000e5e80000)
  from space 7168K, 96% used [0x00000000e8a00000,0x00000000e90c3be0,0x00000000e9100000)
  to   space 9728K, 0% used [0x00000000e7e00000,0x00000000e7e00000,0x00000000e8780000)
 ParOldGen       total 62976K, used 8551K [0x00000000a0000000, 0x00000000a3d80000, 0x00000000e0000000)
  object space 62976K, 13% used [0x00000000a0000000,0x00000000a0859e30,0x00000000a3d80000)
 Metaspace       used 26097K, capacity 26546K, committed 26624K, reserved 1073152K
  class space    used 3640K, capacity 3812K, committed 3840K, reserved 1048576K
}
Event: 5.006 GC heap before
{Heap before GC invocations=8 (full 1):
 PSYoungGen      total 103936K, used 103694K [0x00000000e0000000, 0x00000000e9100000, 0x0000000100000000)
  eden space 96768K, 100% used [0x00000000e0000000,0x00000000e5e80000,0x00000000e5e80000)
  from space 7168K, 96% used [0x00000000e8a00000,0x00000000e90c3be0,0x00000000e9100000)
  to   space 9728K, 0% used [0x00000000e7e00000,0x00000000e7e00000,0x00000000e8780000)
 ParOldGen       total 62976K, used 8551K [0x00000000a0000000, 0x00000000a3d80000, 0x00000000e0000000)
  object space 62976K, 13% used [0x00000000a0000000,0x00000000a0859e30,0x00000000a3d80000)
 Metaspace       used 32135K, capacity 32808K, committed 33152K, reserved 1077248K
  class space    used 4427K, capacity 4683K, committed 4736K, reserved 1048576K
Event: 5.024 GC heap after
Heap after GC invocations=8 (full 1):
 PSYoungGen      total 138752K, used 9707K [0x00000000e0000000, 0x00000000ea100000, 0x0000000100000000)
  eden space 129024K, 0% used [0x00000000e0000000,0x00000000e0000000,0x00000000e7e00000)
  from space 9728K, 99% used [0x00000000e7e00000,0x00000000e877ae40,0x00000000e8780000)
  to   space 11264K, 0% used [0x00000000e9600000,0x00000000e9600000,0x00000000ea100000)
 ParOldGen       total 62976K, used 9798K [0x00000000a0000000, 0x00000000a3d80000, 0x00000000e0000000)
  object space 62976K, 15% used [0x00000000a0000000,0x00000000a0991908,0x00000000a3d80000)
 Metaspace       used 32135K, capacity 32808K, committed 33152K, reserved 1077248K
  class space    used 4427K, capacity 4683K, committed 4736K, reserved 1048576K
}
Event: 5.525 GC heap before
{Heap before GC invocations=9 (full 1):
 PSYoungGen      total 138752K, used 41157K [0x00000000e0000000, 0x00000000ea100000, 0x0000000100000000)
  eden space 129024K, 24% used [0x00000000e0000000,0x00000000e1eb6900,0x00000000e7e00000)
  from space 9728K, 99% used [0x00000000e7e00000,0x00000000e877ae40,0x00000000e8780000)
  to   space 11264K, 0% used [0x00000000e9600000,0x00000000e9600000,0x00000000ea100000)
 ParOldGen       total 62976K, used 9798K [0x00000000a0000000, 0x00000000a3d80000, 0x00000000e0000000)
  object space 62976K, 15% used [0x00000000a0000000,0x00000000a0991908,0x00000000a3d80000)
 Metaspace       used 34461K, capacity 35276K, committed 35416K, reserved 1079296K
  class space    used 4735K, capacity 5042K, committed 5120K, reserved 1048576K
Event: 5.538 GC heap after
Heap after GC invocations=9 (full 1):
 PSYoungGen      total 152576K, used 10343K [0x00000000e0000000, 0x00000000ed580000, 0x0000000100000000)
  eden space 141312K, 0% used [0x00000000e0000000,0x00000000e0000000,0x00000000e8a00000)
  from space 11264K, 91% used [0x00000000e9600000,0x00000000ea019e58,0x00000000ea100000)
  to   space 12288K, 0% used [0x00000000e8a00000,0x00000000e8a00000,0x00000000e9600000)
 ParOldGen       total 62976K, used 9870K [0x00000000a0000000, 0x00000000a3d80000, 0x00000000e0000000)
  object space 62976K, 15% used [0x00000000a0000000,0x00000000a09a3918,0x00000000a3d80000)
 Metaspace       used 34461K, capacity 35276K, committed 35416K, reserved 1079296K
  class space    used 4735K, capacity 5042K, committed 5120K, reserved 1048576K
}
Event: 5.538 GC heap before
{Heap before GC invocations=10 (full 2):
 PSYoungGen      total 152576K, used 10343K [0x00000000e0000000, 0x00000000ed580000, 0x0000000100000000)
  eden space 141312K, 0% used [0x00000000e0000000,0x00000000e0000000,0x00000000e8a00000)
  from space 11264K, 91% used [0x00000000e9600000,0x00000000ea019e58,0x00000000ea100000)
  to   space 12288K, 0% used [0x00000000e8a00000,0x00000000e8a00000,0x00000000e9600000)
 ParOldGen       total 62976K, used 9870K [0x00000000a0000000, 0x00000000a3d80000, 0x00000000e0000000)
  object space 62976K, 15% used [0x00000000a0000000,0x00000000a09a3918,0x00000000a3d80000)
 Metaspace       used 34461K, capacity 35276K, committed 35416K, reserved 1079296K
  class space    used 4735K, capacity 5042K, committed 5120K, reserved 1048576K
Event: 5.619 GC heap after
Heap after GC invocations=10 (full 2):
 PSYoungGen      total 152576K, used 0K [0x00000000e0000000, 0x00000000ed580000, 0x0000000100000000)
  eden space 141312K, 0% used [0x00000000e0000000,0x00000000e0000000,0x00000000e8a00000)
  from space 11264K, 0% used [0x00000000e9600000,0x00000000e9600000,0x00000000ea100000)
  to   space 12288K, 0% used [0x00000000e8a00000,0x00000000e8a00000,0x00000000e9600000)
 ParOldGen       total 62976K, used 17088K [0x00000000a0000000, 0x00000000a3d80000, 0x00000000e0000000)
  object space 62976K, 27% used [0x00000000a0000000,0x00000000a10b00d0,0x00000000a3d80000)
 Metaspace       used 34461K, capacity 35276K, committed 35416K, reserved 1079296K
  class space    used 4735K, capacity 5042K, committed 5120K, reserved 1048576K
}

Deoptimization events (10 events):
Event: 4.916 Thread 0x000000001b87e800 Uncommon trap: reason=unstable_if action=reinterpret pc=0x00000000059f03ac method=com.sun.org.apache.xerces.internal.impl.XMLDocumentFragmentScannerImpl$FragmentContentDriver.next()I @ 823
Event: 5.171 Thread 0x000000001b79b000 Uncommon trap: reason=unstable_if action=reinterpret pc=0x00000000052aebc4 method=java.util.concurrent.ConcurrentHashMap.addCount(JI)V @ 168
Event: 5.171 Thread 0x000000001b79b000 Uncommon trap: reason=unstable_if action=reinterpret pc=0x0000000005249084 method=java.util.concurrent.ConcurrentHashMap.transfer([Ljava/util/concurrent/ConcurrentHashMap$Node;[Ljava/util/concurrent/ConcurrentHashMap$Node;)V @ 34
Event: 5.172 Thread 0x000000001b87e800 Uncommon trap: reason=unstable_if action=reinterpret pc=0x000000000523ef94 method=java.util.concurrent.ConcurrentHashMap.addCount(JI)V @ 168
Event: 5.173 Thread 0x000000001b799800 Uncommon trap: reason=unstable_if action=reinterpret pc=0x00000000055cc6f4 method=java.util.concurrent.ConcurrentHashMap.get(Ljava/lang/Object;)Ljava/lang/Object; @ 86
Event: 5.377 Thread 0x000000001b87e800 Uncommon trap: reason=unstable_if action=reinterpret pc=0x000000000577c29c method=org.codehaus.groovy.reflection.CachedMethod.compareToMethod(Ljava/lang/reflect/Method;)I @ 111
Event: 5.459 Thread 0x000000001b87e800 Uncommon trap: reason=class_check action=maybe_recompile pc=0x000000000564b048 method=java.io.BufferedInputStream.read1([BII)I @ 39
Event: 5.459 Thread 0x000000001b87e800 Uncommon trap: reason=class_check action=maybe_recompile pc=0x000000000564b048 method=java.io.BufferedInputStream.read1([BII)I @ 39
Event: 5.459 Thread 0x000000001b87e800 Uncommon trap: reason=class_check action=maybe_recompile pc=0x000000000564b048 method=java.io.BufferedInputStream.read1([BII)I @ 39
Event: 5.644 Thread 0x000000001b87e800 Uncommon trap: reason=unstable_if action=reinterpret pc=0x0000000005863490 method=java.lang.Integer.valueOf(I)Ljava/lang/Integer; @ 3

Classes redefined (0 events):
No events

Internal exceptions (10 events):
Event: 5.367 Thread 0x000000001b87e800 Exception <a 'java/lang/ClassNotFoundException': org/gradle/api/DefaultTaskBeanInfo> (0x00000000e12103b8) thrown at [D:\src\AOSP-openjdk-cygwin\jdk8u\hotspot\src\share\vm\classfile\systemDictionary.cpp, line 210]
Event: 5.367 Thread 0x000000001b87e800 Exception <a 'java/lang/ClassNotFoundException': org/gradle/api/internal/AbstractTaskBeanInfo> (0x00000000e12395a0) thrown at [D:\src\AOSP-openjdk-cygwin\jdk8u\hotspot\src\share\vm\classfile\systemDictionary.cpp, line 210]
Event: 5.368 Thread 0x000000001b87e800 Exception <a 'java/lang/ClassNotFoundException': org/gradle/api/internal/AbstractTaskCustomizer> (0x00000000e1263308) thrown at [D:\src\AOSP-openjdk-cygwin\jdk8u\hotspot\src\share\vm\classfile\systemDictionary.cpp, line 210]
Event: 5.372 Thread 0x000000001b87e800 Exception <a 'java/lang/ClassNotFoundException': org/gradle/api/DefaultTaskCustomizer> (0x00000000e12ebca8) thrown at [D:\src\AOSP-openjdk-cygwin\jdk8u\hotspot\src\share\vm\classfile\systemDictionary.cpp, line 210]
Event: 5.373 Thread 0x000000001b87e800 Exception <a 'java/lang/ClassNotFoundException': org/gradle/api/internal/ConventionTaskCustomizer> (0x00000000e1325430) thrown at [D:\src\AOSP-openjdk-cygwin\jdk8u\hotspot\src\share\vm\classfile\systemDictionary.cpp, line 210]
Event: 5.374 Thread 0x000000001b87e800 Exception <a 'java/lang/ClassNotFoundException': org/gradle/api/tasks/DeleteCustomizer> (0x00000000e135cb60) thrown at [D:\src\AOSP-openjdk-cygwin\jdk8u\hotspot\src\share\vm\classfile\systemDictionary.cpp, line 210]
Event: 5.376 Thread 0x000000001b87e800 Exception <a 'java/lang/ClassNotFoundException': org/gradle/api/tasks/Delete_DecoratedCustomizer> (0x00000000e13a2350) thrown at [D:\src\AOSP-openjdk-cygwin\jdk8u\hotspot\src\share\vm\classfile\systemDictionary.cpp, line 210]
Event: 5.405 Thread 0x000000001b87e800 Exception <a 'java/lang/ClassNotFoundException': build_55mzs9zjfkx9jdsctt0jdv4rcBeanInfo> (0x00000000e14b0268) thrown at [D:\src\AOSP-openjdk-cygwin\jdk8u\hotspot\src\share\vm\classfile\systemDictionary.cpp, line 210]
Event: 5.405 Thread 0x000000001b87e800 Exception <a 'java/lang/ClassNotFoundException': build_55mzs9zjfkx9jdsctt0jdv4rcCustomizer> (0x00000000e14ba748) thrown at [D:\src\AOSP-openjdk-cygwin\jdk8u\hotspot\src\share\vm\classfile\systemDictionary.cpp, line 210]
Event: 5.969 Thread 0x000000001b87e800 Exception <a 'sun/nio/fs/WindowsException'> (0x00000000e1284888) thrown at [D:\src\AOSP-openjdk-cygwin\jdk8u\hotspot\src\share\vm\prims\jni.cpp, line 709]

Events (10 events):
Event: 6.134 loading class org/gradle/platform/base/plugins/BinaryBasePlugin$Rules
Event: 6.134 loading class org/gradle/platform/base/plugins/BinaryBasePlugin$Rules done
Event: 6.136 loading class org/gradle/platform/base/internal/BinarySpecInternal
Event: 6.136 loading class org/gradle/platform/base/internal/BinarySpecInternal done
Event: 6.144 loading class org/gradle/platform/base/BinaryTasksCollection
Event: 6.144 loading class org/gradle/platform/base/BinaryTasksCollection done
Event: 6.150 loading class org/gradle/model/internal/manage/schema/cache/MultiWeakClassSet$1
Event: 6.150 loading class org/gradle/model/internal/manage/schema/cache/MultiWeakClassSet$1 done
Event: 6.150 loading class org/gradle/model/internal/manage/schema/cache/MultiWeakClassSet$2
Event: 6.150 loading class org/gradle/model/internal/manage/schema/cache/MultiWeakClassSet$2 done


Dynamic libraries:
0x00007ff607260000 - 0x00007ff607291000 	E:\Program Files\Android\Android Studio\jre\bin\java.exe
0x00007ff925740000 - 0x00007ff925920000 	C:\WINDOWS\SYSTEM32\ntdll.dll
0x00007ff925650000 - 0x00007ff9256fe000 	C:\WINDOWS\System32\KERNEL32.DLL
0x00007ff922520000 - 0x00007ff922786000 	C:\WINDOWS\System32\KERNELBASE.dll
0x00007ff925380000 - 0x00007ff925421000 	C:\WINDOWS\System32\ADVAPI32.dll
0x00007ff923a30000 - 0x00007ff923acd000 	C:\WINDOWS\System32\msvcrt.dll
0x00007ff9255c0000 - 0x00007ff92561b000 	C:\WINDOWS\System32\sechost.dll
0x00007ff923900000 - 0x00007ff923a1f000 	C:\WINDOWS\System32\RPCRT4.dll
0x00007ff925430000 - 0x00007ff9255bf000 	C:\WINDOWS\System32\USER32.dll
0x00007ff921b40000 - 0x00007ff921b60000 	C:\WINDOWS\System32\win32u.dll
0x00007ff923800000 - 0x00007ff923828000 	C:\WINDOWS\System32\GDI32.dll
0x00007ff9228f0000 - 0x00007ff922a83000 	C:\WINDOWS\System32\gdi32full.dll
0x00007ff922480000 - 0x00007ff92251b000 	C:\WINDOWS\System32\msvcp_win.dll
0x00007ff922a90000 - 0x00007ff922b86000 	C:\WINDOWS\System32\ucrtbase.dll
0x00007ff911370000 - 0x00007ff9115d9000 	C:\WINDOWS\WinSxS\amd64_microsoft.windows.common-controls_6595b64144ccf1df_6.0.16299.431_none_15c7d3ee93659e73\COMCTL32.dll
0x00007ff923380000 - 0x00007ff923688000 	C:\WINDOWS\System32\combase.dll
0x00007ff922b90000 - 0x00007ff922c02000 	C:\WINDOWS\System32\bcryptPrimitives.dll
0x00007ff925620000 - 0x00007ff92564d000 	C:\WINDOWS\System32\IMM32.DLL
0x000000005e140000 - 0x000000005e212000 	E:\Program Files\Android\Android Studio\jre\jre\bin\msvcr100.dll
0x000000005d5d0000 - 0x000000005de0e000 	E:\Program Files\Android\Android Studio\jre\jre\bin\server\jvm.dll
0x00007ff922db0000 - 0x00007ff922db8000 	C:\WINDOWS\System32\PSAPI.DLL
0x00007ff90f770000 - 0x00007ff90f779000 	C:\WINDOWS\SYSTEM32\WSOCK32.dll
0x00007ff91e750000 - 0x00007ff91e773000 	C:\WINDOWS\SYSTEM32\WINMM.dll
0x00007ff915a10000 - 0x00007ff915a1a000 	C:\WINDOWS\SYSTEM32\VERSION.dll
0x00007ff9232b0000 - 0x00007ff92331c000 	C:\WINDOWS\System32\WS2_32.dll
0x00007ff91e720000 - 0x00007ff91e74a000 	C:\WINDOWS\SYSTEM32\WINMMBASE.dll
0x00007ff922840000 - 0x00007ff92288a000 	C:\WINDOWS\System32\cfgmgr32.dll
0x00007ff91e5e0000 - 0x00007ff91e5ef000 	E:\Program Files\Android\Android Studio\jre\jre\bin\verify.dll
0x00007ff918320000 - 0x00007ff918349000 	E:\Program Files\Android\Android Studio\jre\jre\bin\java.dll
0x00007ff91e100000 - 0x00007ff91e116000 	E:\Program Files\Android\Android Studio\jre\jre\bin\zip.dll
0x00007ff923ad0000 - 0x00007ff924f08000 	C:\WINDOWS\System32\SHELL32.dll
0x00007ff922dc0000 - 0x00007ff922e66000 	C:\WINDOWS\System32\shcore.dll
0x00007ff921b60000 - 0x00007ff9222a7000 	C:\WINDOWS\System32\windows.storage.dll
0x00007ff923060000 - 0x00007ff9230b1000 	C:\WINDOWS\System32\shlwapi.dll
0x00007ff921b20000 - 0x00007ff921b31000 	C:\WINDOWS\System32\kernel.appcore.dll
0x00007ff921a90000 - 0x00007ff921adc000 	C:\WINDOWS\System32\powrprof.dll
0x00007ff921ae0000 - 0x00007ff921afb000 	C:\WINDOWS\System32\profapi.dll
0x00007ff91d090000 - 0x00007ff91d0aa000 	E:\Program Files\Android\Android Studio\jre\jre\bin\net.dll
0x00007ff921320000 - 0x00007ff921386000 	C:\WINDOWS\system32\mswsock.dll
0x00007ff91a1e0000 - 0x00007ff91a1f1000 	E:\Program Files\Android\Android Studio\jre\jre\bin\nio.dll
0x00007ff91ca00000 - 0x00007ff91ca1e000 	C:\Users\lizhao\.gradle\native\25\windows-amd64\native-platform.dll
0x00007ff91df50000 - 0x00007ff91df5d000 	E:\Program Files\Android\Android Studio\jre\jre\bin\management.dll
0x00007ff9214e0000 - 0x00007ff9214f7000 	C:\WINDOWS\SYSTEM32\CRYPTSP.dll
0x00007ff920f20000 - 0x00007ff920f53000 	C:\WINDOWS\system32\rsaenh.dll
0x00007ff9215f0000 - 0x00007ff921615000 	C:\WINDOWS\SYSTEM32\bcrypt.dll
0x00007ff9219c0000 - 0x00007ff9219e9000 	C:\WINDOWS\SYSTEM32\USERENV.dll
0x00007ff921500000 - 0x00007ff92150b000 	C:\WINDOWS\SYSTEM32\CRYPTBASE.dll
0x00007ff9210b0000 - 0x00007ff9210e9000 	C:\WINDOWS\SYSTEM32\IPHLPAPI.DLL
0x00007ff923a20000 - 0x00007ff923a28000 	C:\WINDOWS\System32\NSI.dll
0x00007ff91c140000 - 0x00007ff91c156000 	C:\WINDOWS\SYSTEM32\dhcpcsvc6.DLL
0x00007ff91c100000 - 0x00007ff91c11a000 	C:\WINDOWS\SYSTEM32\dhcpcsvc.DLL

VM Arguments:
jvm_args: -Xmx1536m -Dfile.encoding=GBK -Duser.country=CN -Duser.language=zh -Duser.variant 
java_command: org.gradle.launcher.daemon.bootstrap.GradleDaemon 4.4
java_class_path (initial): C:\Users\lizhao\.gradle\wrapper\dists\gradle-4.4-all\9br9xq1tocpiv8o6njlyu5op1\gradle-4.4\lib\gradle-launcher-4.4.jar
Launcher Type: SUN_STANDARD

Environment Variables:
JAVA_HOME=C:\Program Files\Java\jdk1.8.0_144
PATH=C:\Program Files (x86)\Common Files\Oracle\Java\javapath;C:\Program Files\Docker\Docker\Resources\bin;C:\Program Files\Java\jdk1.8.0_144\bin;C:\Users\lizhao\AppData\Local\Programs\Python\Python36;C:\ProgramData\Oracle\Java\javapath;C:\Program Files (x86)\Intel\iCLS Client\;C:\Program Files\Intel\iCLS Client\;C:\Windows\system32;C:\Windows;C:\Windows\System32\Wbem;C:\Windows\System32\WindowsPowerShell\v1.0\;C:\Program Files (x86)\Intel\Intel(R) Management Engine Components\DAL;C:\Program Files\Intel\Intel(R) Management Engine Components\DAL;C:\Program Files (x86)\Intel\Intel(R) Management Engine Components\IPT;C:\Program Files\Intel\Intel(R) Management Engine Components\IPT;C:\Program Files (x86)\NVIDIA Corporation\PhysX\Common;C:\Program Files\Intel\WiFi\bin\;C:\Program Files\Common Files\Intel\WirelessCommon\;C:\WINDOWS\system32;C:\WINDOWS;C:\WINDOWS\System32\Wbem;C:\WINDOWS\System32\WindowsPowerShell\v1.0\;C:\Program Files\nodejs\;C:\Program Files (x86)\Pandoc\;C:\Users\lizhao\AppData\Local\Microsoft\WindowsApps;C:\Users\lizhao\AppData\Roaming\npm;C:\Program Files\Microsoft VS Code\bin;E:\Program Files\Heroku\bin
USERNAME=lizhao
OS=Windows_NT
PROCESSOR_IDENTIFIER=Intel64 Family 6 Model 94 Stepping 3, GenuineIntel



---------------  S Y S T E M  ---------------

OS: Windows 10.0 , 64 bit Build 16299 (10.0.16299.431)

CPU:total 4 (initial active 4) (4 cores per cpu, 1 threads per core) family 6 model 94 stepping 3, cmov, cx8, fxsr, mmx, sse, sse2, sse3, ssse3, sse4.1, sse4.2, popcnt, avx, avx2, aes, clmul, erms, rtm, 3dnowpref, lzcnt, tsc, tscinvbit, bmi1, bmi2, adx

Memory: 4k page, physical 8178668k(730516k free), swap 12372972k(800k free)

vm_info: OpenJDK 64-Bit Server VM (25.152-b01) for windows-amd64 JRE (1.8.0_152-release-915-b01), built by "builder" with MS VC++ 10.0 (VS2010)

time: Sun Nov 11 17:39:44 2018
elapsed time: 6 seconds (0d 0h 0m 6s)

