#
# There is insufficient memory for the Java Runtime Environment to continue.
# Native memory allocation (malloc) failed to allocate 2006416 bytes for Chunk::new
# Possible reasons:
#   The system is out of physical RAM or swap space
#   In 32 bit mode, the process size limit was hit
# Possible solutions:
#   Reduce memory load on the system
#   Increase physical memory or swap space
#   Check if swap backing store is full
#   Use 64 bit Java on a 64 bit OS
#   Decrease Java heap size (-Xmx/-Xms)
#   Decrease number of Java threads
#   Decrease Java thread stack sizes (-Xss)
#   Set larger code cache with -XX:ReservedCodeCacheSize=
# This output file may be truncated or incomplete.
#
#  Out of Memory Error (allocation.cpp:390), pid=13216, tid=0x0000000000003fd0
#
# JRE version: OpenJDK Runtime Environment (8.0_152-b01) (build 1.8.0_152-release-915-b01)
# Java VM: OpenJDK 64-Bit Server VM (25.152-b01 mixed mode windows-amd64 compressed oops)
# Failed to write core dump. Minidumps are not enabled by default on client versions of Windows
#

---------------  T H R E A D  ---------------

Current thread (0x000000001849a000):  JavaThread "C2 CompilerThread0" daemon [_thread_in_native, id=16336, stack(0x0000000019dd0000,0x0000000019ed0000)]

Stack: [0x0000000019dd0000,0x0000000019ed0000]
[error occurred during error reporting (printing stack bounds), id 0xc0000005]

Native frames: (J=compiled Java code, j=interpreted, Vv=VM code, C=native code)


Current CompileTask:
C2:   3691 1582       4       java.net.URLClassLoader$1::run (5 bytes)


---------------  P R O C E S S  ---------------

Java Threads: ( => current thread )
  0x000000001d191800 JavaThread "Cache worker for file hash cache (C:\Users\lizhao\Desktop\archaeological-survey-location-collector\.gradle\4.4\fileHashes)" [_thread_blocked, id=10576, stack(0x000000001de20000,0x000000001df20000)]
  0x000000001b461000 JavaThread "File lock request listener" [_thread_in_native, id=8420, stack(0x000000001cd50000,0x000000001ce50000)]
  0x000000001b49f800 JavaThread "Cache worker for file hash cache (C:\Users\lizhao\.gradle\caches\4.4\fileHashes)" [_thread_blocked, id=14760, stack(0x000000001cc50000,0x000000001cd50000)]
  0x000000001b46e000 JavaThread "Stdin handler" [_thread_blocked, id=17072, stack(0x000000001c950000,0x000000001ca50000)]
  0x000000001b465800 JavaThread "Asynchronous log dispatcher for DefaultDaemonConnection: socket connection from /127.0.0.1:5920 to /127.0.0.1:5921" [_thread_blocked, id=16032, stack(0x000000001c850000,0x000000001c950000)]
  0x000000001b3ba000 JavaThread "Daemon worker" [_thread_in_vm, id=15000, stack(0x000000001c750000,0x000000001c850000)]
  0x000000001b3b9000 JavaThread "Cancel handler" [_thread_blocked, id=16792, stack(0x000000001c650000,0x000000001c750000)]
  0x000000001b3a8800 JavaThread "Handler for socket connection from /127.0.0.1:5920 to /127.0.0.1:5921" [_thread_in_native, id=2384, stack(0x000000001c350000,0x000000001c450000)]
  0x000000001b372000 JavaThread "Daemon" [_thread_blocked, id=7820, stack(0x000000001c250000,0x000000001c350000)]
  0x000000001b36b800 JavaThread "Daemon periodic checks" [_thread_blocked, id=13484, stack(0x000000001c150000,0x000000001c250000)]
  0x000000001b37f800 JavaThread "Incoming local TCP Connector on port 5920" [_thread_in_native, id=13052, stack(0x000000001bcc0000,0x000000001bdc0000)]
  0x0000000019859800 JavaThread "Service Thread" daemon [_thread_blocked, id=7208, stack(0x000000001a0d0000,0x000000001a1d0000)]
  0x00000000197e6800 JavaThread "C1 CompilerThread2" daemon [_thread_blocked, id=14616, stack(0x0000000019fd0000,0x000000001a0d0000)]
  0x00000000197db800 JavaThread "C2 CompilerThread1" daemon [_thread_in_native, id=8124, stack(0x0000000019ed0000,0x0000000019fd0000)]
=>0x000000001849a000 JavaThread "C2 CompilerThread0" daemon [_thread_in_native, id=16336, stack(0x0000000019dd0000,0x0000000019ed0000)]
  0x00000000197d8800 JavaThread "Attach Listener" daemon [_thread_blocked, id=2376, stack(0x0000000019cd0000,0x0000000019dd0000)]
  0x000000001844f000 JavaThread "Signal Dispatcher" daemon [_thread_blocked, id=15336, stack(0x0000000019bd0000,0x0000000019cd0000)]
  0x00000000046bc000 JavaThread "Finalizer" daemon [_thread_blocked, id=1840, stack(0x00000000196d0000,0x00000000197d0000)]
  0x00000000046b1800 JavaThread "Reference Handler" daemon [_thread_blocked, id=6952, stack(0x00000000195d0000,0x00000000196d0000)]
  0x000000000474e000 JavaThread "main" [_thread_blocked, id=15792, stack(0x0000000002d10000,0x0000000002e10000)]

Other Threads:
  0x0000000018405800 VMThread [stack: 0x00000000194d0000,0x00000000195d0000] [id=17244]
  0x000000001982e800 WatcherThread [stack: 0x000000001a1d0000,0x000000001a2d0000] [id=14676]

VM state:not at safepoint (normal execution)

VM Mutex/Monitor currently owned by a thread: None

Heap:
 PSYoungGen      total 37888K, used 15981K [0x00000000e0000000, 0x00000000e4a00000, 0x0000000100000000)
  eden space 32768K, 33% used [0x00000000e0000000,0x00000000e0aa15c0,0x00000000e2000000)
  from space 5120K, 99% used [0x00000000e2500000,0x00000000e29fa040,0x00000000e2a00000)
  to   space 5120K, 0% used [0x00000000e2000000,0x00000000e2000000,0x00000000e2500000)
 ParOldGen       total 86016K, used 6115K [0x00000000a0000000, 0x00000000a5400000, 0x00000000e0000000)
  object space 86016K, 7% used [0x00000000a0000000,0x00000000a05f8e98,0x00000000a5400000)
 Metaspace       used 19157K, capacity 19562K, committed 19840K, reserved 1067008K
  class space    used 2722K, capacity 2880K, committed 2944K, reserved 1048576K

Card table byte_map: [0x0000000013e90000,0x00000000141a0000] byte_map_base: 0x0000000013990000

Marking Bits: (ParMarkBitMap*) 0x000000005dd93950
 Begin Bits: [0x00000000147a0000, 0x0000000015fa0000)
 End Bits:   [0x0000000015fa0000, 0x00000000177a0000)

Polling page: 0x00000000028c0000

CodeCache: size=245760Kb used=5892Kb max_used=5892Kb free=239867Kb
 bounds [0x0000000004ad0000, 0x00000000050a0000, 0x0000000013ad0000]
 total_blobs=2063 nmethods=1681 adapters=295
 compilation: enabled

Compilation events (10 events):
Event: 3.521 Thread 0x00000000197e6800 1621       3       java.util.concurrent.atomic.AtomicLong::compareAndSet (13 bytes)
Event: 3.521 Thread 0x00000000197e6800 nmethod 1621 0x0000000005040950 code [0x0000000005040aa0, 0x0000000005040c10]
Event: 3.599 Thread 0x00000000197db800 1622       4       sun.misc.URLClassPath::getResource (83 bytes)
Event: 3.616 Thread 0x00000000197db800 nmethod 1622 0x000000000507b990 code [0x000000000507bbe0, 0x000000000507ca20]
Event: 3.618 Thread 0x00000000197e6800 1623       3       java.util.HashMap$KeyIterator::next (8 bytes)
Event: 3.618 Thread 0x00000000197e6800 nmethod 1623 0x000000000507b550 code [0x000000000507b6c0, 0x000000000507b8c8]
Event: 3.618 Thread 0x00000000197e6800 1624       3       java.lang.ClassLoader::findBootstrapClassOrNull (16 bytes)
Event: 3.618 Thread 0x00000000197e6800 nmethod 1624 0x000000000507b110 code [0x000000000507b280, 0x000000000507b4b8]
Event: 3.622 Thread 0x00000000197e6800 1625       3       java.net.URLClassLoader::access$100 (7 bytes)
Event: 3.622 Thread 0x00000000197e6800 nmethod 1625 0x000000000507ad50 code [0x000000000507aec0, 0x000000000507b028]

GC Heap History (8 events):
Event: 0.809 GC heap before
{Heap before GC invocations=1 (full 0):
 PSYoungGen      total 37888K, used 32768K [0x00000000e0000000, 0x00000000e2a00000, 0x0000000100000000)
  eden space 32768K, 100% used [0x00000000e0000000,0x00000000e2000000,0x00000000e2000000)
  from space 5120K, 0% used [0x00000000e2500000,0x00000000e2500000,0x00000000e2a00000)
  to   space 5120K, 0% used [0x00000000e2000000,0x00000000e2000000,0x00000000e2500000)
 ParOldGen       total 86016K, used 0K [0x00000000a0000000, 0x00000000a5400000, 0x00000000e0000000)
  object space 86016K, 0% used [0x00000000a0000000,0x00000000a0000000,0x00000000a5400000)
 Metaspace       used 6957K, capacity 7192K, committed 7424K, reserved 1056768K
  class space    used 846K, capacity 909K, committed 1024K, reserved 1048576K
Event: 0.814 GC heap after
Heap after GC invocations=1 (full 0):
 PSYoungGen      total 37888K, used 4409K [0x00000000e0000000, 0x00000000e2a00000, 0x0000000100000000)
  eden space 32768K, 0% used [0x00000000e0000000,0x00000000e0000000,0x00000000e2000000)
  from space 5120K, 86% used [0x00000000e2000000,0x00000000e244e7e8,0x00000000e2500000)
  to   space 5120K, 0% used [0x00000000e2500000,0x00000000e2500000,0x00000000e2a00000)
 ParOldGen       total 86016K, used 8K [0x00000000a0000000, 0x00000000a5400000, 0x00000000e0000000)
  object space 86016K, 0% used [0x00000000a0000000,0x00000000a0002000,0x00000000a5400000)
 Metaspace       used 6957K, capacity 7192K, committed 7424K, reserved 1056768K
  class space    used 846K, capacity 909K, committed 1024K, reserved 1048576K
}
Event: 1.804 GC heap before
{Heap before GC invocations=2 (full 0):
 PSYoungGen      total 37888K, used 37177K [0x00000000e0000000, 0x00000000e2a00000, 0x0000000100000000)
  eden space 32768K, 100% used [0x00000000e0000000,0x00000000e2000000,0x00000000e2000000)
  from space 5120K, 86% used [0x00000000e2000000,0x00000000e244e7e8,0x00000000e2500000)
  to   space 5120K, 0% used [0x00000000e2500000,0x00000000e2500000,0x00000000e2a00000)
 ParOldGen       total 86016K, used 8K [0x00000000a0000000, 0x00000000a5400000, 0x00000000e0000000)
  object space 86016K, 0% used [0x00000000a0000000,0x00000000a0002000,0x00000000a5400000)
 Metaspace       used 10958K, capacity 11316K, committed 11648K, reserved 1058816K
  class space    used 1443K, capacity 1554K, committed 1664K, reserved 1048576K
Event: 1.811 GC heap after
Heap after GC invocations=2 (full 0):
 PSYoungGen      total 37888K, used 5108K [0x00000000e0000000, 0x00000000e2a00000, 0x0000000100000000)
  eden space 32768K, 0% used [0x00000000e0000000,0x00000000e0000000,0x00000000e2000000)
  from space 5120K, 99% used [0x00000000e2500000,0x00000000e29fd208,0x00000000e2a00000)
  to   space 5120K, 0% used [0x00000000e2000000,0x00000000e2000000,0x00000000e2500000)
 ParOldGen       total 86016K, used 499K [0x00000000a0000000, 0x00000000a5400000, 0x00000000e0000000)
  object space 86016K, 0% used [0x00000000a0000000,0x00000000a007cc70,0x00000000a5400000)
 Metaspace       used 10958K, capacity 11316K, committed 11648K, reserved 1058816K
  class space    used 1443K, capacity 1554K, committed 1664K, reserved 1048576K
}
Event: 2.385 GC heap before
{Heap before GC invocations=3 (full 0):
 PSYoungGen      total 37888K, used 37876K [0x00000000e0000000, 0x00000000e2a00000, 0x0000000100000000)
  eden space 32768K, 100% used [0x00000000e0000000,0x00000000e2000000,0x00000000e2000000)
  from space 5120K, 99% used [0x00000000e2500000,0x00000000e29fd208,0x00000000e2a00000)
  to   space 5120K, 0% used [0x00000000e2000000,0x00000000e2000000,0x00000000e2500000)
 ParOldGen       total 86016K, used 499K [0x00000000a0000000, 0x00000000a5400000, 0x00000000e0000000)
  object space 86016K, 0% used [0x00000000a0000000,0x00000000a007cc70,0x00000000a5400000)
 Metaspace       used 14348K, capacity 14710K, committed 14976K, reserved 1062912K
  class space    used 1997K, capacity 2125K, committed 2176K, reserved 1048576K
Event: 2.394 GC heap after
Heap after GC invocations=3 (full 0):
 PSYoungGen      total 37888K, used 5113K [0x00000000e0000000, 0x00000000e2a00000, 0x0000000100000000)
  eden space 32768K, 0% used [0x00000000e0000000,0x00000000e0000000,0x00000000e2000000)
  from space 5120K, 99% used [0x00000000e2000000,0x00000000e24fe430,0x00000000e2500000)
  to   space 5120K, 0% used [0x00000000e2500000,0x00000000e2500000,0x00000000e2a00000)
 ParOldGen       total 86016K, used 2646K [0x00000000a0000000, 0x00000000a5400000, 0x00000000e0000000)
  object space 86016K, 3% used [0x00000000a0000000,0x00000000a0295838,0x00000000a5400000)
 Metaspace       used 14348K, capacity 14710K, committed 14976K, reserved 1062912K
  class space    used 1997K, capacity 2125K, committed 2176K, reserved 1048576K
}
Event: 3.268 GC heap before
{Heap before GC invocations=4 (full 0):
 PSYoungGen      total 37888K, used 37881K [0x00000000e0000000, 0x00000000e2a00000, 0x0000000100000000)
  eden space 32768K, 100% used [0x00000000e0000000,0x00000000e2000000,0x00000000e2000000)
  from space 5120K, 99% used [0x00000000e2000000,0x00000000e24fe430,0x00000000e2500000)
  to   space 5120K, 0% used [0x00000000e2500000,0x00000000e2500000,0x00000000e2a00000)
 ParOldGen       total 86016K, used 2646K [0x00000000a0000000, 0x00000000a5400000, 0x00000000e0000000)
  object space 86016K, 3% used [0x00000000a0000000,0x00000000a0295838,0x00000000a5400000)
 Metaspace       used 17496K, capacity 17924K, committed 18048K, reserved 1064960K
  class space    used 2517K, capacity 2654K, committed 2688K, reserved 1048576K
Event: 3.286 GC heap after
Heap after GC invocations=4 (full 0):
 PSYoungGen      total 37888K, used 5096K [0x00000000e0000000, 0x00000000e4a00000, 0x0000000100000000)
  eden space 32768K, 0% used [0x00000000e0000000,0x00000000e0000000,0x00000000e2000000)
  from space 5120K, 99% used [0x00000000e2500000,0x00000000e29fa040,0x00000000e2a00000)
  to   space 5120K, 0% used [0x00000000e2000000,0x00000000e2000000,0x00000000e2500000)
 ParOldGen       total 86016K, used 6115K [0x00000000a0000000, 0x00000000a5400000, 0x00000000e0000000)
  object space 86016K, 7% used [0x00000000a0000000,0x00000000a05f8e98,0x00000000a5400000)
 Metaspace       used 17496K, capacity 17924K, committed 18048K, reserved 1064960K
  class space    used 2517K, capacity 2654K, committed 2688K, reserved 1048576K
}

Deoptimization events (10 events):
Event: 3.207 Thread 0x000000001b3ba000 Uncommon trap: reason=bimorphic action=maybe_recompile pc=0x0000000004f4bb1c method=java.lang.ClassLoader.loadClass(Ljava/lang/String;Z)Ljava/lang/Class; @ 38
Event: 3.207 Thread 0x000000001b3ba000 Uncommon trap: reason=bimorphic action=maybe_recompile pc=0x0000000004f4bb1c method=java.lang.ClassLoader.loadClass(Ljava/lang/String;Z)Ljava/lang/Class; @ 38
Event: 3.207 Thread 0x000000001b3ba000 Uncommon trap: reason=bimorphic action=maybe_recompile pc=0x000000000500427c method=java.lang.ClassLoader.getPackage(Ljava/lang/String;)Ljava/lang/Package; @ 47
Event: 3.207 Thread 0x000000001b3ba000 Uncommon trap: reason=bimorphic action=maybe_recompile pc=0x000000000500427c method=java.lang.ClassLoader.getPackage(Ljava/lang/String;)Ljava/lang/Package; @ 47
Event: 3.209 Thread 0x000000001b3ba000 Uncommon trap: reason=bimorphic action=maybe_recompile pc=0x000000000500427c method=java.lang.ClassLoader.getPackage(Ljava/lang/String;)Ljava/lang/Package; @ 47
Event: 3.352 Thread 0x000000001b3ba000 Uncommon trap: reason=unstable_if action=reinterpret pc=0x0000000004e2c540 method=java.lang.AbstractStringBuilder.append(Ljava/lang/String;)Ljava/lang/AbstractStringBuilder; @ 1
Event: 3.352 Thread 0x000000001b3ba000 Uncommon trap: reason=unstable_if action=reinterpret pc=0x0000000004cec1f8 method=java.lang.AbstractStringBuilder.append(Ljava/lang/String;)Ljava/lang/AbstractStringBuilder; @ 1
Event: 3.550 Thread 0x000000001b3ba000 Uncommon trap: reason=class_check action=maybe_recompile pc=0x0000000004ca1dd0 method=sun.misc.URLClassPath.getLoader(I)Lsun/misc/URLClassPath$Loader; @ 94
Event: 3.550 Thread 0x000000001b3ba000 Uncommon trap: reason=class_check action=maybe_recompile pc=0x0000000005053320 method=sun.misc.URLClassPath.getResource(Ljava/lang/String;Z)Lsun/misc/Resource; @ 62
Event: 3.597 Thread 0x000000001b3ba000 Uncommon trap: reason=unstable_if action=reinterpret pc=0x0000000005035c44 method=java.lang.ClassLoader.getClassLoadingLock(Ljava/lang/String;)Ljava/lang/Object; @ 6

Classes redefined (0 events):
No events

Internal exceptions (10 events):
Event: 3.231 Thread 0x000000001b3ba000 Exception <a 'java/lang/NoSuchMethodError': <clinit>> (0x00000000e1dd6380) thrown at [D:\src\AOSP-openjdk-cygwin\jdk8u\hotspot\src\share\vm\prims\jni.cpp, line 1613]
Event: 3.232 Thread 0x000000001b3ba000 Exception <a 'java/lang/NoSuchMethodError': <clinit>> (0x00000000e1de6240) thrown at [D:\src\AOSP-openjdk-cygwin\jdk8u\hotspot\src\share\vm\prims\jni.cpp, line 1613]
Event: 3.233 Thread 0x000000001b3ba000 Exception <a 'java/lang/NoSuchMethodError': <clinit>> (0x00000000e1df6fc8) thrown at [D:\src\AOSP-openjdk-cygwin\jdk8u\hotspot\src\share\vm\prims\jni.cpp, line 1613]
Event: 3.234 Thread 0x000000001b3ba000 Exception <a 'java/lang/NoSuchMethodError': <clinit>> (0x00000000e1e03790) thrown at [D:\src\AOSP-openjdk-cygwin\jdk8u\hotspot\src\share\vm\prims\jni.cpp, line 1613]
Event: 3.235 Thread 0x000000001b3ba000 Exception <a 'java/lang/NoSuchMethodError': <clinit>> (0x00000000e1e103a8) thrown at [D:\src\AOSP-openjdk-cygwin\jdk8u\hotspot\src\share\vm\prims\jni.cpp, line 1613]
Event: 3.240 Thread 0x000000001b3ba000 Exception <a 'java/lang/NoSuchMethodError': <clinit>> (0x00000000e1e60a90) thrown at [D:\src\AOSP-openjdk-cygwin\jdk8u\hotspot\src\share\vm\prims\jni.cpp, line 1613]
Event: 3.240 Thread 0x000000001b3ba000 Exception <a 'java/lang/NoSuchMethodError': <clinit>> (0x00000000e1e64750) thrown at [D:\src\AOSP-openjdk-cygwin\jdk8u\hotspot\src\share\vm\prims\jni.cpp, line 1613]
Event: 3.240 Thread 0x000000001b3ba000 Exception <a 'java/lang/NoSuchMethodError': <clinit>> (0x00000000e1e66258) thrown at [D:\src\AOSP-openjdk-cygwin\jdk8u\hotspot\src\share\vm\prims\jni.cpp, line 1613]
Event: 3.352 Thread 0x000000001b3ba000 Implicit null exception at 0x0000000004e2c196 to 0x0000000004e2c529
Event: 3.352 Thread 0x000000001b3ba000 Implicit null exception at 0x0000000004cebe56 to 0x0000000004cec1e1

Events (10 events):
Event: 3.621 loading class org/codehaus/groovy/runtime/InvokerHelper$1
Event: 3.621 loading class org/codehaus/groovy/runtime/InvokerHelper$1 done
Event: 3.622 loading class org/codehaus/groovy/runtime/InvokerInvocationException
Event: 3.622 loading class org/codehaus/groovy/runtime/InvokerInvocationException done
Event: 3.622 loading class org/codehaus/groovy/runtime/powerassert/PowerAssertionError
Event: 3.622 loading class org/codehaus/groovy/runtime/powerassert/PowerAssertionError done
Event: 3.622 loading class groovy/lang/SpreadMapEvaluatingException
Event: 3.622 loading class groovy/lang/SpreadMapEvaluatingException done
Event: 3.623 loading class org/codehaus/groovy/runtime/metaclass/MetaClassRegistryImpl
Event: 3.623 loading class org/codehaus/groovy/runtime/metaclass/MetaClassRegistryImpl done


Dynamic libraries:
0x00007ff607260000 - 0x00007ff607291000 	E:\Program Files\Android\Android Studio\jre\bin\java.exe
0x00007ff925740000 - 0x00007ff925920000 	C:\WINDOWS\SYSTEM32\ntdll.dll
0x00007ff925650000 - 0x00007ff9256fe000 	C:\WINDOWS\System32\KERNEL32.DLL
0x00007ff922520000 - 0x00007ff922786000 	C:\WINDOWS\System32\KERNELBASE.dll
0x00007ff925380000 - 0x00007ff925421000 	C:\WINDOWS\System32\ADVAPI32.dll
0x00007ff923a30000 - 0x00007ff923acd000 	C:\WINDOWS\System32\msvcrt.dll
0x00007ff9255c0000 - 0x00007ff92561b000 	C:\WINDOWS\System32\sechost.dll
0x00007ff923900000 - 0x00007ff923a1f000 	C:\WINDOWS\System32\RPCRT4.dll
0x00007ff925430000 - 0x00007ff9255bf000 	C:\WINDOWS\System32\USER32.dll
0x00007ff921b40000 - 0x00007ff921b60000 	C:\WINDOWS\System32\win32u.dll
0x00007ff923800000 - 0x00007ff923828000 	C:\WINDOWS\System32\GDI32.dll
0x00007ff9228f0000 - 0x00007ff922a83000 	C:\WINDOWS\System32\gdi32full.dll
0x00007ff922480000 - 0x00007ff92251b000 	C:\WINDOWS\System32\msvcp_win.dll
0x00007ff922a90000 - 0x00007ff922b86000 	C:\WINDOWS\System32\ucrtbase.dll
0x00007ff911370000 - 0x00007ff9115d9000 	C:\WINDOWS\WinSxS\amd64_microsoft.windows.common-controls_6595b64144ccf1df_6.0.16299.431_none_15c7d3ee93659e73\COMCTL32.dll
0x00007ff923380000 - 0x00007ff923688000 	C:\WINDOWS\System32\combase.dll
0x00007ff922b90000 - 0x00007ff922c02000 	C:\WINDOWS\System32\bcryptPrimitives.dll
0x00007ff925620000 - 0x00007ff92564d000 	C:\WINDOWS\System32\IMM32.DLL
0x000000005e140000 - 0x000000005e212000 	E:\Program Files\Android\Android Studio\jre\jre\bin\msvcr100.dll
0x000000005d5d0000 - 0x000000005de0e000 	E:\Program Files\Android\Android Studio\jre\jre\bin\server\jvm.dll
0x00007ff922db0000 - 0x00007ff922db8000 	C:\WINDOWS\System32\PSAPI.DLL
0x00007ff90f770000 - 0x00007ff90f779000 	C:\WINDOWS\SYSTEM32\WSOCK32.dll
0x00007ff91e750000 - 0x00007ff91e773000 	C:\WINDOWS\SYSTEM32\WINMM.dll
0x00007ff915a10000 - 0x00007ff915a1a000 	C:\WINDOWS\SYSTEM32\VERSION.dll
0x00007ff9232b0000 - 0x00007ff92331c000 	C:\WINDOWS\System32\WS2_32.dll
0x00007ff91e720000 - 0x00007ff91e74a000 	C:\WINDOWS\SYSTEM32\WINMMBASE.dll
0x00007ff922840000 - 0x00007ff92288a000 	C:\WINDOWS\System32\cfgmgr32.dll
0x00007ff91e5e0000 - 0x00007ff91e5ef000 	E:\Program Files\Android\Android Studio\jre\jre\bin\verify.dll
0x00007ff918320000 - 0x00007ff918349000 	E:\Program Files\Android\Android Studio\jre\jre\bin\java.dll
0x00007ff91e100000 - 0x00007ff91e116000 	E:\Program Files\Android\Android Studio\jre\jre\bin\zip.dll
0x00007ff923ad0000 - 0x00007ff924f08000 	C:\WINDOWS\System32\SHELL32.dll
0x00007ff922dc0000 - 0x00007ff922e66000 	C:\WINDOWS\System32\shcore.dll
0x00007ff921b60000 - 0x00007ff9222a7000 	C:\WINDOWS\System32\windows.storage.dll
0x00007ff923060000 - 0x00007ff9230b1000 	C:\WINDOWS\System32\shlwapi.dll
0x00007ff921b20000 - 0x00007ff921b31000 	C:\WINDOWS\System32\kernel.appcore.dll
0x00007ff921a90000 - 0x00007ff921adc000 	C:\WINDOWS\System32\powrprof.dll
0x00007ff921ae0000 - 0x00007ff921afb000 	C:\WINDOWS\System32\profapi.dll
0x00007ff91d090000 - 0x00007ff91d0aa000 	E:\Program Files\Android\Android Studio\jre\jre\bin\net.dll
0x00007ff921320000 - 0x00007ff921386000 	C:\WINDOWS\system32\mswsock.dll
0x00007ff91a1e0000 - 0x00007ff91a1f1000 	E:\Program Files\Android\Android Studio\jre\jre\bin\nio.dll
0x00007ff91ca00000 - 0x00007ff91ca1e000 	C:\Users\lizhao\.gradle\native\25\windows-amd64\native-platform.dll
0x00007ff91df50000 - 0x00007ff91df5d000 	E:\Program Files\Android\Android Studio\jre\jre\bin\management.dll
0x00007ff9214e0000 - 0x00007ff9214f7000 	C:\WINDOWS\SYSTEM32\CRYPTSP.dll
0x00007ff920f20000 - 0x00007ff920f53000 	C:\WINDOWS\system32\rsaenh.dll
0x00007ff9215f0000 - 0x00007ff921615000 	C:\WINDOWS\SYSTEM32\bcrypt.dll
0x00007ff9219c0000 - 0x00007ff9219e9000 	C:\WINDOWS\SYSTEM32\USERENV.dll
0x00007ff921500000 - 0x00007ff92150b000 	C:\WINDOWS\SYSTEM32\CRYPTBASE.dll
0x00007ff9210b0000 - 0x00007ff9210e9000 	C:\WINDOWS\SYSTEM32\IPHLPAPI.DLL
0x00007ff923a20000 - 0x00007ff923a28000 	C:\WINDOWS\System32\NSI.dll
0x00007ff91c140000 - 0x00007ff91c156000 	C:\WINDOWS\SYSTEM32\dhcpcsvc6.DLL
0x00007ff91c100000 - 0x00007ff91c11a000 	C:\WINDOWS\SYSTEM32\dhcpcsvc.DLL

VM Arguments:
jvm_args: -Xmx1536m -Dfile.encoding=GBK -Duser.country=CN -Duser.language=zh -Duser.variant 
java_command: org.gradle.launcher.daemon.bootstrap.GradleDaemon 4.4
java_class_path (initial): C:\Users\lizhao\.gradle\wrapper\dists\gradle-4.4-all\9br9xq1tocpiv8o6njlyu5op1\gradle-4.4\lib\gradle-launcher-4.4.jar
Launcher Type: SUN_STANDARD

Environment Variables:
JAVA_HOME=C:\Program Files\Java\jdk1.8.0_144
PATH=C:\Program Files (x86)\Common Files\Oracle\Java\javapath;C:\Program Files\Docker\Docker\Resources\bin;C:\Program Files\Java\jdk1.8.0_144\bin;C:\Users\lizhao\AppData\Local\Programs\Python\Python36;C:\ProgramData\Oracle\Java\javapath;C:\Program Files (x86)\Intel\iCLS Client\;C:\Program Files\Intel\iCLS Client\;C:\Windows\system32;C:\Windows;C:\Windows\System32\Wbem;C:\Windows\System32\WindowsPowerShell\v1.0\;C:\Program Files (x86)\Intel\Intel(R) Management Engine Components\DAL;C:\Program Files\Intel\Intel(R) Management Engine Components\DAL;C:\Program Files (x86)\Intel\Intel(R) Management Engine Components\IPT;C:\Program Files\Intel\Intel(R) Management Engine Components\IPT;C:\Program Files (x86)\NVIDIA Corporation\PhysX\Common;C:\Program Files\Intel\WiFi\bin\;C:\Program Files\Common Files\Intel\WirelessCommon\;C:\WINDOWS\system32;C:\WINDOWS;C:\WINDOWS\System32\Wbem;C:\WINDOWS\System32\WindowsPowerShell\v1.0\;C:\Program Files\nodejs\;C:\Program Files (x86)\Pandoc\;C:\Users\lizhao\AppData\Local\Microsoft\WindowsApps;C:\Users\lizhao\AppData\Roaming\npm;C:\Program Files\Microsoft VS Code\bin;E:\Program Files\Heroku\bin
USERNAME=lizhao
OS=Windows_NT
PROCESSOR_IDENTIFIER=Intel64 Family 6 Model 94 Stepping 3, GenuineIntel



---------------  S Y S T E M  ---------------

OS: Windows 10.0 , 64 bit Build 16299 (10.0.16299.431)

CPU:total 4 (initial active 4) (4 cores per cpu, 1 threads per core) family 6 model 94 stepping 3, cmov, cx8, fxsr, mmx, sse, sse2, sse3, ssse3, sse4.1, sse4.2, popcnt, avx, avx2, aes, clmul, erms, rtm, 3dnowpref, lzcnt, tsc, tscinvbit, bmi1, bmi2, adx

Memory: 4k page, physical 8178668k(999852k free), swap 12372972k(3864k free)

vm_info: OpenJDK 64-Bit Server VM (25.152-b01) for windows-amd64 JRE (1.8.0_152-release-915-b01), built by "builder" with MS VC++ 10.0 (VS2010)

time: Sun Nov 11 17:37:19 2018
elapsed time: 3 seconds (0d 0h 0m 3s)

